16:18:57 [App     ] Build date: Aug 22 2024, 13:57:38
16:18:57 [App     ] CPU: AMD Ryzen 7 4800H with Radeon Graphics          (16 cores)
16:18:57 [App     ] RAM: 7.42GB Physical Memory 128.00TB Virtual Memory
16:18:57 [App     ] OS: Windows 8 x64
16:18:57 [App     ] Disk: 246.31GB (476.30GB) space
16:18:57 [App     ] SSE & AVX compatible CPU & OS detected
16:18:57 [App     ] Command line: DensifyPointCloud C:/camilo/point_cloud/reconstruction_sequential/scene.mvs
16:18:57 [App     ] Camera model loaded: platform 0; camera  0; f 0.000x0.000; poses 2
16:18:57 [App     ] Scene loaded from interface format (6ms):
	2 images (2 calibrated) with a total of 14.29 MPixels (7.14 MPixels/image)
	130 points, 0 vertices, 0 faces
16:18:57 [App     ] warning: not enough valid views for the ROI estimation
16:18:57 [App     ] Point-cloud composed of 130 points with:
 - visibility info (260 views - 2.00 views/point):
	        0 points with 1- views (0.00%)
	      130 points with 2  views (100.00%)
	        0 points with 3  views (0.00%)
	        0 points with 4+ views (0.00%)
	2 min / 2 mean (0 std) / 2 max
16:18:57 [App     ] Preparing images for dense reconstruction completed: 2 images (87ms)
16:18:57 [App     ] Selecting images for dense reconstruction completed: 2 images (0ms)
16:18:57 [App     ] Reference image   0 paired with 1 views
16:18:57 [App     ] Reference image   1 paired with 1 views
16:19:00 [App     ] Depth-map for image   0 with image   1 estimated: 918x2040 (2s700ms)
16:19:03 [App     ] Depth-map for image   1 with image   0 estimated: 918x2040 (3s129ms)
16:19:03 [App     ] Reference image   0 paired with 1 views
16:19:03 [App     ] Reference image   1 paired with 1 views
16:19:04 [App     ] Depth-map for image   0 with image   1 estimated: 918x2040 (759ms)
16:19:05 [App     ] Depth-map for image   1 with image   0 estimated: 918x2040 (900ms)
16:19:05 [App     ] Reference image   0 paired with 1 views
16:19:05 [App     ] Reference image   1 paired with 1 views
16:19:05 [App     ] Depth-map for image   0 with image   1 estimated: 918x2040 (791ms)
16:19:06 [App     ] Depth-map for image   1 with image   0 estimated: 918x2040 (965ms)
16:19:07 [App     ] Depth map   0 filtered using 1 other images: 178076/358472 depths discarded (89ms)
16:19:07 [App     ] Depth map   1 filtered using 1 other images: 136209/316203 depths discarded (93ms)
16:19:07 [App     ] Depth-maps fused and filtered: 2 depth-maps, 360390 depths, 137246 points (38%%) (154ms)
16:19:07 [App     ] Densifying point-cloud completed: 137246 points (10s328ms)
16:19:07 [App     ] Scene saved (130ms):
	2 images (2 calibrated)
	137246 points, 0 vertices, 0 faces
16:19:07 [App     ] Point-cloud saved: 137246 points (26ms)
16:19:07 [App     ] MEMORYINFO: {
16:19:07 [App     ] 	PageFaultCount 852453
16:19:07 [App     ] 	PeakWorkingSetSize 522.84MB
16:19:07 [App     ] 	WorkingSetSize 42.16MB
16:19:07 [App     ] 	QuotaPeakPagedPoolUsage 84.15KB
16:19:07 [App     ] 	QuotaPagedPoolUsage 83.27KB
16:19:07 [App     ] 	QuotaPeakNonPagedPoolUsage 18.58KB
16:19:07 [App     ] 	QuotaNonPagedPoolUsage 15.00KB
16:19:07 [App     ] 	PagefileUsage 60.59MB
16:19:07 [App     ] 	PeakPagefileUsage 588.73MB
16:19:07 [App     ] } ENDINFO
