16:13:41 [App     ] Build date: Aug 22 2024, 13:57:38
16:13:41 [App     ] CPU: AMD Ryzen 7 4800H with Radeon Graphics          (16 cores)
16:13:41 [App     ] RAM: 7.42GB Physical Memory 128.00TB Virtual Memory
16:13:41 [App     ] OS: Windows 8 x64
16:13:41 [App     ] Disk: 246.40GB (476.30GB) space
16:13:41 [App     ] SSE & AVX compatible CPU & OS detected
16:13:41 [App     ] Command line: DensifyPointCloud C:/camilo/point_cloud/reconstruction_sequential/scene.mvs
16:13:41 [App     ] Camera model loaded: platform 0; camera  0; f 0.503x0.503; poses 6
16:13:41 [App     ] Scene loaded from interface format (7ms):
	6 images (6 calibrated) with a total of 42.86 MPixels (7.14 MPixels/image)
	235 points, 0 vertices, 0 faces
16:13:41 [App     ] The camera directions mean is unbalanced; the scene will be considered unbounded (no ROI)
16:13:41 [App     ] Point-cloud composed of 235 points with:
 - visibility info (507 views - 2.16 views/point):
	        0 points with 1- views (0.00%)
	      201 points with 2  views (85.53%)
	       31 points with 3  views (13.19%)
	        3 points with 4+ views (1.28%)
	2 min / 2.15745 mean (0.39773 std) / 4 max
16:13:41 [App     ] Preparing images for dense reconstruction completed: 6 images (239ms)
16:13:41 [App     ] Selecting images for dense reconstruction completed: 6 images (0ms)
16:13:41 [App     ] Reference image   0 paired with 0 views
16:13:41 [App     ] Reference image   1 paired with 0 views
16:13:41 [App     ] Reference image   2 paired with 1 views
16:13:41 [App     ] Reference image   3 paired with 0 views
16:13:41 [App     ] Reference image   4 paired with 1 views
16:13:43 [App     ] Depth-map for image   2 with image   4 estimated: 918x2040 (2s554ms)
16:13:43 [App     ] Reference image   5 paired with 0 views
16:13:46 [App     ] Depth-map for image   4 with image   2 estimated: 918x2040 (2s583ms)
16:13:46 [App     ] Reference image   0 paired with 0 views
16:13:46 [App     ] Reference image   1 paired with 0 views
16:13:46 [App     ] Reference image   2 paired with 1 views
16:13:46 [App     ] Reference image   3 paired with 0 views
16:13:46 [App     ] Reference image   4 paired with 1 views
16:13:47 [App     ] Depth-map for image   2 with image   4 estimated: 918x2040 (869ms)
16:13:47 [App     ] Reference image   5 paired with 0 views
16:13:48 [App     ] Depth-map for image   4 with image   2 estimated: 918x2040 (997ms)
16:13:48 [App     ] Reference image   0 paired with 0 views
16:13:48 [App     ] Reference image   1 paired with 0 views
16:13:48 [App     ] Reference image   2 paired with 1 views
16:13:48 [App     ] Reference image   3 paired with 0 views
16:13:48 [App     ] Reference image   4 paired with 1 views
16:13:49 [App     ] Depth-map for image   2 with image   4 estimated: 918x2040 (922ms)
16:13:49 [App     ] Reference image   5 paired with 0 views
16:13:50 [App     ] Depth-map for image   4 with image   2 estimated: 918x2040 (953ms)
16:13:50 [App     ] error: depth map   4 can not be filtered
16:13:50 [App     ] error: depth map   2 can not be filtered
16:13:51 [App     ] Depth-maps fused and filtered: 2 depth-maps, 1441864 depths, 0 points (0%%) (489ms)
16:13:51 [App     ] Densifying point-cloud completed: 0 points (10s101ms)
16:13:51 [App     ] Scene saved (1ms):
	6 images (6 calibrated)
	0 points, 0 vertices, 0 faces
16:13:51 [App     ] MEMORYINFO: {
16:13:51 [App     ] 	PageFaultCount 839158
16:13:51 [App     ] 	PeakWorkingSetSize 530.79MB
16:13:51 [App     ] 	WorkingSetSize 42.50MB
16:13:51 [App     ] 	QuotaPeakPagedPoolUsage 84.15KB
16:13:51 [App     ] 	QuotaPagedPoolUsage 82.88KB
16:13:51 [App     ] 	QuotaPeakNonPagedPoolUsage 18.89KB
16:13:51 [App     ] 	QuotaNonPagedPoolUsage 15.27KB
16:13:51 [App     ] 	PagefileUsage 68.12MB
16:13:51 [App     ] 	PeakPagefileUsage 609.57MB
16:13:51 [App     ] } ENDINFO
