20:31:02 [App     ] Build date: Aug 16 2024, 13:48:23
20:31:02 [App     ] CPU: AMD Ryzen 5 3600 6-Core Processor               (12 cores)
20:31:02 [App     ] RAM: 15.93GB Physical Memory 128.00TB Virtual Memory
20:31:02 [App     ] OS: Windows 8 x64
20:31:02 [App     ] Disk: 204.60GB (953.05GB) space
20:31:02 [App     ] SSE & AVX compatible CPU & OS detected
20:31:02 [App     ] Command line: DensifyPointCloud C:/camilo/point_cloud/reconstruction_sequential/scene.mvs
20:31:02 [App     ] Camera model loaded: platform 0; camera  0; f 7764.390x7764.390; poses 5
20:31:02 [App     ] Scene loaded from interface format (0ms):
	5 images (5 calibrated) with a total of 35.72 MPixels (7.14 MPixels/image)
	153 points, 0 vertices, 0 faces
20:31:02 [App     ] The camera directions mean is unbalanced; the scene will be considered unbounded (no ROI)
20:31:02 [App     ] Point-cloud composed of 153 points with:
 - visibility info (388 views - 2.54 views/point):
	        0 points with 1- views (0.00%)
	       84 points with 2  views (54.90%)
	       56 points with 3  views (36.60%)
	       13 points with 4+ views (8.50%)
	2 min / 2.53595 mean (0.647026 std) / 4 max
20:31:02 [App     ] Preparing images for dense reconstruction completed: 5 images (259ms)
20:31:02 [App     ] Selecting images for dense reconstruction completed: 5 images (0ms)
20:31:02 [App     ] Reference image   0 paired with 0 views
20:31:02 [App     ] Reference image   1 paired with 0 views
20:31:02 [App     ] Reference image   2 paired with 0 views
20:31:02 [App     ] Reference image   3 paired with 0 views
20:31:02 [App     ] Reference image   4 paired with 0 views
20:31:02 [App     ] Reference image   0 paired with 0 views
20:31:02 [App     ] Reference image   1 paired with 0 views
20:31:02 [App     ] Reference image   2 paired with 0 views
20:31:02 [App     ] Reference image   3 paired with 0 views
20:31:02 [App     ] Reference image   4 paired with 0 views
20:31:02 [App     ] Reference image   0 paired with 0 views
20:31:02 [App     ] Reference image   1 paired with 0 views
20:31:02 [App     ] Reference image   2 paired with 0 views
20:31:02 [App     ] Reference image   3 paired with 0 views
20:31:02 [App     ] Reference image   4 paired with 0 views
20:31:02 [App     ] Depth-maps fused and filtered: 0 depth-maps, 0 depths, 0 points (-2147483648%%) (0ms)
20:31:02 [App     ] Densifying point-cloud completed: 0 points (261ms)
20:31:02 [App     ] Scene saved (0ms):
	5 images (5 calibrated)
	0 points, 0 vertices, 0 faces
20:31:02 [App     ] MEMORYINFO: {
20:31:02 [App     ] 	PageFaultCount 37143
20:31:02 [App     ] 	PeakWorkingSetSize 57.73MB
20:31:02 [App     ] 	WorkingSetSize 36.65MB
20:31:02 [App     ] 	QuotaPeakPagedPoolUsage 89.54KB
20:31:02 [App     ] 	QuotaPagedPoolUsage 85.19KB
20:31:02 [App     ] 	QuotaPeakNonPagedPoolUsage 15.12KB
20:31:02 [App     ] 	QuotaNonPagedPoolUsage 14.34KB
20:31:02 [App     ] 	PagefileUsage 30.43MB
20:31:02 [App     ] 	PeakPagefileUsage 51.82MB
20:31:02 [App     ] } ENDINFO
